[0.029s] Invoking command in '/home/suresoft/transform/build/move_coordinate': CMAKE_PREFIX_PATH=${CMAKE_PREFIX_PATH}:/opt/ros/humble /usr/bin/cmake --build /home/suresoft/transform/build/move_coordinate -- -j4 -l4
[0.076s] [35m[1mConsolidate compiler generated dependencies of target move_coordinate[0m
[0.108s] [ 50%] [32mBuilding CXX object CMakeFiles/move_coordinate.dir/src/move_coordinate.cpp.o[0m
[5.092s] [01m[K/home/suresoft/transform/src/move_coordinate/src/move_coordinate.cpp:[m[K In function â€˜[01m[Kint main(int, char**)[m[Kâ€™:
[5.093s] [01m[K/home/suresoft/transform/src/move_coordinate/src/move_coordinate.cpp:76:25:[m[K [01;35m[Kwarning: [m[Kcomparison of integer expressions of different signedness: â€˜[01m[Kint[m[Kâ€™ and â€˜[01m[Kstd::vector<double, std::allocator<double> >::size_type[m[Kâ€™ {aka â€˜[01m[Klong unsigned int[m[Kâ€™} [[01;35m[K]8;;https://gcc.gnu.org/onlinedocs/gcc/Warning-Options.html#index-Wsign-compare-Wsign-compare]8;;[m[K]
[5.093s]    76 |       for (int i = 0; [01;35m[Ki < joint_group_positions.size()[m[K; i++)
[5.093s]       |                       [01;35m[K~~^~~~~~~~~~~~~~~~~~~~~~~~~~~~~~[m[K
[5.096s] [01m[K/home/suresoft/transform/src/move_coordinate/src/move_coordinate.cpp:106:25:[m[K [01;35m[Kwarning: [m[Kcomparison of integer expressions of different signedness: â€˜[01m[Kint[m[Kâ€™ and â€˜[01m[Kstd::vector<double, std::allocator<double> >::size_type[m[Kâ€™ {aka â€˜[01m[Klong unsigned int[m[Kâ€™} [[01;35m[K]8;;https://gcc.gnu.org/onlinedocs/gcc/Warning-Options.html#index-Wsign-compare-Wsign-compare]8;;[m[K]
[5.097s]   106 |       for (int i = 0; [01;35m[Ki < joint_group_positions.size()[m[K; i++)
[5.097s]       |                       [01;35m[K~~^~~~~~~~~~~~~~~~~~~~~~~~~~~~~~[m[K
[5.098s] [01m[K/home/suresoft/transform/src/move_coordinate/src/move_coordinate.cpp:[m[K At global scope:
[5.098s] [01m[K/home/suresoft/transform/src/move_coordinate/src/move_coordinate.cpp:137:19:[m[K [01;35m[Kwarning: [m[Kuse of â€˜[01m[Kauto[m[Kâ€™ in parameter declaration only available with â€˜[01m[K-std=c++20[m[Kâ€™ or â€˜[01m[K-fconcepts[m[Kâ€™
[5.099s]   137 | void tesfFunction([01;35m[Kauto[m[K move_group_interface)
[5.099s]       |                   [01;35m[K^~~~[m[K
[5.104s] In file included from [01m[K/opt/ros/humble/include/rclcpp/rclcpp/client.hpp:40[m[K,
[5.104s]                  from [01m[K/opt/ros/humble/include/rclcpp/rclcpp/callback_group.hpp:23[m[K,
[5.104s]                  from [01m[K/opt/ros/humble/include/rclcpp/rclcpp/any_executable.hpp:20[m[K,
[5.104s]                  from [01m[K/opt/ros/humble/include/rclcpp/rclcpp/memory_strategy.hpp:25[m[K,
[5.104s]                  from [01m[K/opt/ros/humble/include/rclcpp/rclcpp/memory_strategies.hpp:18[m[K,
[5.104s]                  from [01m[K/opt/ros/humble/include/rclcpp/rclcpp/executor_options.hpp:20[m[K,
[5.104s]                  from [01m[K/opt/ros/humble/include/rclcpp/rclcpp/executor.hpp:37[m[K,
[5.104s]                  from [01m[K/opt/ros/humble/include/rclcpp/rclcpp/executors/multi_threaded_executor.hpp:25[m[K,
[5.104s]                  from [01m[K/opt/ros/humble/include/rclcpp/rclcpp/executors.hpp:21[m[K,
[5.105s]                  from [01m[K/opt/ros/humble/include/rclcpp/rclcpp/rclcpp.hpp:155[m[K,
[5.105s]                  from [01m[K/home/suresoft/transform/src/move_coordinate/src/move_coordinate.cpp:3[m[K:
[5.105s] [01m[K/home/suresoft/transform/src/move_coordinate/src/move_coordinate.cpp:[m[K In function â€˜[01m[Kvoid tesfFunction(auto:40)[m[Kâ€™:
[5.105s] [01m[K/home/suresoft/transform/src/move_coordinate/src/move_coordinate.cpp:152:18:[m[K [01;31m[Kerror: [m[Kâ€˜[01m[Klogger[m[Kâ€™ was not declared in this scope
[5.105s]   152 |     RCLCPP_ERROR([01;31m[Klogger[m[K, "Planning failed!");
[5.105s]       |                  [01;31m[K^~~~~~[m[K
[5.105s] [01m[K/home/suresoft/transform/src/move_coordinate/src/move_coordinate.cpp:152:5:[m[K [01;31m[Kerror: [m[Ktemplate argument 1 is invalid
[5.105s]   152 |     [01;31m[KRCLCPP_ERROR[m[K(logger, "Planning failed!");
[5.105s]       |     [01;31m[K^~~~~~~~~~~~[m[K
[5.106s] [01m[K/home/suresoft/transform/src/move_coordinate/src/move_coordinate.cpp:152:5:[m[K [01;31m[Kerror: [m[Kâ€˜[01m[K<declaration error>[m[Kâ€™ is not a template [[01;31m[K]8;;https://gcc.gnu.org/onlinedocs/gcc/Warning-Options.html#index-fpermissive-fpermissive]8;;[m[K]
[5.106s]   152 |     [01;31m[KRCLCPP_ERROR[m[K(logger, "Planning failed!");
[5.106s]       |     [01;31m[K^~~~~~~~~~~~[m[K
[5.106s] [01m[K/home/suresoft/transform/src/move_coordinate/src/move_coordinate.cpp:152:5:[m[K [01;31m[Kerror: [m[Ktemplate argument 1 is invalid
[5.106s]   152 |     [01;31m[KRCLCPP_ERROR[m[K(logger, "Planning failed!");
[5.106s]       |     [01;31m[K^~~~~~~~~~~~[m[K
[5.106s] [01m[K/home/suresoft/transform/src/move_coordinate/src/move_coordinate.cpp:152:5:[m[K [01;31m[Kerror: [m[Kâ€˜[01m[K<declaration error>[m[Kâ€™ is not a template [[01;31m[K]8;;https://gcc.gnu.org/onlinedocs/gcc/Warning-Options.html#index-fpermissive-fpermissive]8;;[m[K]
[5.106s]   152 |     [01;31m[KRCLCPP_ERROR[m[K(logger, "Planning failed!");
[5.107s]       |     [01;31m[K^~~~~~~~~~~~[m[K
[5.107s] [01m[K/home/suresoft/transform/src/move_coordinate/src/move_coordinate.cpp:152:5:[m[K [01;31m[Kerror: [m[Ktemplate argument 1 is invalid
[5.107s]   152 |     [01;31m[KRCLCPP_ERROR[m[K(logger, "Planning failed!");
[5.107s]       |     [01;31m[K^~~~~~~~~~~~[m[K
[7.705s] gmake[2]: *** [CMakeFiles/move_coordinate.dir/build.make:76: CMakeFiles/move_coordinate.dir/src/move_coordinate.cpp.o] Error 1
[7.705s] gmake[1]: *** [CMakeFiles/Makefile2:137: CMakeFiles/move_coordinate.dir/all] Error 2
[7.705s] gmake: *** [Makefile:146: all] Error 2
[7.707s] Invoked command in '/home/suresoft/transform/build/move_coordinate' returned '2': CMAKE_PREFIX_PATH=${CMAKE_PREFIX_PATH}:/opt/ros/humble /usr/bin/cmake --build /home/suresoft/transform/build/move_coordinate -- -j4 -l4
