[0.041s] Invoking command in '/home/suresoft/transform/build/move_coordinate': CMAKE_PREFIX_PATH=${CMAKE_PREFIX_PATH}:/opt/ros/humble /usr/bin/cmake --build /home/suresoft/transform/build/move_coordinate -- -j4 -l4
[0.124s] [35m[1mConsolidate compiler generated dependencies of target move_coordinate[0m
[0.170s] [ 50%] [32mBuilding CXX object CMakeFiles/move_coordinate.dir/src/move_coordinate.cpp.o[0m
[6.964s] [01m[K/home/suresoft/transform/src/move_coordinate/src/move_coordinate.cpp:[m[K In function â€˜[01m[Kint main(int, char**)[m[Kâ€™:
[6.964s] [01m[K/home/suresoft/transform/src/move_coordinate/src/move_coordinate.cpp:29:50:[m[K [01;31m[Kerror: [m[Kâ€˜[01m[Knode[m[Kâ€™ was not declared in this scope
[6.964s]    29 |   auto move_group_interface = MoveGroupInterface([01;31m[Knode[m[K, PLANNING_GROUP);
[6.964s]       |                                                  [01;31m[K^~~~[m[K
[6.967s] [01m[K/home/suresoft/transform/src/move_coordinate/src/move_coordinate.cpp:[m[K In lambda function:
[6.968s] [01m[K/home/suresoft/transform/src/move_coordinate/src/move_coordinate.cpp:63:43:[m[K [01;31m[Kerror: [m[Kâ€˜[01m[Kmove_group_interface[m[Kâ€™ is not captured
[6.968s]    63 |         auto const ok = static_cast<bool>([01;31m[Kmove_group_interface[m[K.plan(msg));
[6.968s]       |                                           [01;31m[K^~~~~~~~~~~~~~~~~~~~[m[K
[6.968s] [01m[K/home/suresoft/transform/src/move_coordinate/src/move_coordinate.cpp:60:58:[m[K [01;36m[Knote: [m[Kthe lambda has no capture-default
[6.968s]    60 |       auto const [success, plan] = [&move_group_interface[01;36m[K][m[K
[6.968s]       |                                                          [01;36m[K^[m[K
[6.969s] [01m[K/home/suresoft/transform/src/move_coordinate/src/move_coordinate.cpp:29:8:[m[K [01;36m[Knote: [m[Kâ€˜[01m[K<typeprefixerror>move_group_interface[m[Kâ€™ declared here
[6.969s]    29 |   auto [01;36m[Kmove_group_interface[m[K = MoveGroupInterface(node, PLANNING_GROUP);
[6.969s]       |        [01;36m[K^~~~~~~~~~~~~~~~~~~~[m[K
[6.971s] [01m[K/home/suresoft/transform/src/move_coordinate/src/move_coordinate.cpp:[m[K In function â€˜[01m[Kint main(int, char**)[m[Kâ€™:
[6.972s] [01m[K/home/suresoft/transform/src/move_coordinate/src/move_coordinate.cpp:92:25:[m[K [01;35m[Kwarning: [m[Kcomparison of integer expressions of different signedness: â€˜[01m[Kint[m[Kâ€™ and â€˜[01m[Kstd::vector<double, std::allocator<double> >::size_type[m[Kâ€™ {aka â€˜[01m[Klong unsigned int[m[Kâ€™} [[01;35m[K]8;;https://gcc.gnu.org/onlinedocs/gcc/Warning-Options.html#index-Wsign-compare-Wsign-compare]8;;[m[K]
[6.972s]    92 |       for (int i = 0; [01;35m[Ki < joint_group_positions.size()[m[K; i++)
[6.973s]       |                       [01;35m[K~~^~~~~~~~~~~~~~~~~~~~~~~~~~~~~~[m[K
[6.973s] [01m[K/home/suresoft/transform/src/move_coordinate/src/move_coordinate.cpp:[m[K In lambda function:
[6.974s] [01m[K/home/suresoft/transform/src/move_coordinate/src/move_coordinate.cpp:101:43:[m[K [01;31m[Kerror: [m[Kâ€˜[01m[Kmove_group_interface[m[Kâ€™ is not captured
[6.974s]   101 |         auto const ok = static_cast<bool>([01;31m[Kmove_group_interface[m[K.plan(msg));
[6.974s]       |                                           [01;31m[K^~~~~~~~~~~~~~~~~~~~[m[K
[6.974s] [01m[K/home/suresoft/transform/src/move_coordinate/src/move_coordinate.cpp:98:58:[m[K [01;36m[Knote: [m[Kthe lambda has no capture-default
[6.975s]    98 |       auto const [success, plan] = [&move_group_interface[01;36m[K][m[K
[6.975s]       |                                                          [01;36m[K^[m[K
[6.975s] [01m[K/home/suresoft/transform/src/move_coordinate/src/move_coordinate.cpp:29:8:[m[K [01;36m[Knote: [m[Kâ€˜[01m[K<typeprefixerror>move_group_interface[m[Kâ€™ declared here
[6.975s]    29 |   auto [01;36m[Kmove_group_interface[m[K = MoveGroupInterface(node, PLANNING_GROUP);
[6.976s]       |        [01;36m[K^~~~~~~~~~~~~~~~~~~~[m[K
[6.976s] [01m[K/home/suresoft/transform/src/move_coordinate/src/move_coordinate.cpp:[m[K In function â€˜[01m[Kint main(int, char**)[m[Kâ€™:
[6.976s] [01m[K/home/suresoft/transform/src/move_coordinate/src/move_coordinate.cpp:7:14:[m[K [01;35m[Kwarning: [m[Kunused parameter â€˜[01m[Kargc[m[Kâ€™ [[01;35m[K]8;;https://gcc.gnu.org/onlinedocs/gcc/Warning-Options.html#index-Wunused-parameter-Wunused-parameter]8;;[m[K]
[6.976s]     7 | int main([01;35m[Kint argc[m[K, char *argv[])
[6.977s]       |          [01;35m[K~~~~^~~~[m[K
[6.977s] [01m[K/home/suresoft/transform/src/move_coordinate/src/move_coordinate.cpp:7:26:[m[K [01;35m[Kwarning: [m[Kunused parameter â€˜[01m[Kargv[m[Kâ€™ [[01;35m[K]8;;https://gcc.gnu.org/onlinedocs/gcc/Warning-Options.html#index-Wunused-parameter-Wunused-parameter]8;;[m[K]
[6.977s]     7 | int main(int argc, [01;35m[Kchar *argv[][m[K)
[6.978s]       |                    [01;35m[K~~~~~~^~~~~~[m[K
[9.607s] gmake[2]: *** [CMakeFiles/move_coordinate.dir/build.make:76: CMakeFiles/move_coordinate.dir/src/move_coordinate.cpp.o] Error 1
[9.607s] gmake[1]: *** [CMakeFiles/Makefile2:137: CMakeFiles/move_coordinate.dir/all] Error 2
[9.608s] gmake: *** [Makefile:146: all] Error 2
[9.610s] Invoked command in '/home/suresoft/transform/build/move_coordinate' returned '2': CMAKE_PREFIX_PATH=${CMAKE_PREFIX_PATH}:/opt/ros/humble /usr/bin/cmake --build /home/suresoft/transform/build/move_coordinate -- -j4 -l4
