[0.037s] Invoking command in '/home/suresoft/transform/build/move_coordinate': CMAKE_PREFIX_PATH=${CMAKE_PREFIX_PATH}:/opt/ros/humble /usr/bin/cmake --build /home/suresoft/transform/build/move_coordinate -- -j4 -l4
[0.095s] [35m[1mConsolidate compiler generated dependencies of target move_coordinate[0m
[0.137s] [ 50%] [32mBuilding CXX object CMakeFiles/move_coordinate.dir/src/move_coordinate.cpp.o[0m
[6.139s] [01m[K/home/suresoft/transform/src/move_coordinate/src/move_coordinate.cpp:[m[K In function â€˜[01m[Kint main(int, char**)[m[Kâ€™:
[6.139s] [01m[K/home/suresoft/transform/src/move_coordinate/src/move_coordinate.cpp:74:25:[m[K [01;35m[Kwarning: [m[Kcomparison of integer expressions of different signedness: â€˜[01m[Kint[m[Kâ€™ and â€˜[01m[Kstd::vector<double, std::allocator<double> >::size_type[m[Kâ€™ {aka â€˜[01m[Klong unsigned int[m[Kâ€™} [[01;35m[K]8;;https://gcc.gnu.org/onlinedocs/gcc/Warning-Options.html#index-Wsign-compare-Wsign-compare]8;;[m[K]
[6.139s]    74 |       for (int i = 0; [01;35m[Ki < joint_group_positions.size()[m[K; i++)
[6.139s]       |                       [01;35m[K~~^~~~~~~~~~~~~~~~~~~~~~~~~~~~~~[m[K
[6.143s] [01m[K/home/suresoft/transform/src/move_coordinate/src/move_coordinate.cpp:104:25:[m[K [01;35m[Kwarning: [m[Kcomparison of integer expressions of different signedness: â€˜[01m[Kint[m[Kâ€™ and â€˜[01m[Kstd::vector<double, std::allocator<double> >::size_type[m[Kâ€™ {aka â€˜[01m[Klong unsigned int[m[Kâ€™} [[01;35m[K]8;;https://gcc.gnu.org/onlinedocs/gcc/Warning-Options.html#index-Wsign-compare-Wsign-compare]8;;[m[K]
[6.143s]   104 |       for (int i = 0; [01;35m[Ki < joint_group_positions.size()[m[K; i++)
[6.144s]       |                       [01;35m[K~~^~~~~~~~~~~~~~~~~~~~~~~~~~~~~~[m[K
[6.162s] [01m[K/home/suresoft/transform/src/move_coordinate/src/move_coordinate.cpp:[m[K In function â€˜[01m[Kvoid tesfFunction()[m[Kâ€™:
[6.162s] [01m[K/home/suresoft/transform/src/move_coordinate/src/move_coordinate.cpp:139:34:[m[K [01;31m[Kerror: [m[Kâ€˜[01m[Kmove_group_interface[m[Kâ€™ was not declared in this scope
[6.162s]   139 |   auto const [success, plan] = [&[01;31m[Kmove_group_interface[m[K]
[6.162s]       |                                  [01;31m[K^~~~~~~~~~~~~~~~~~~~[m[K
[6.163s] [01m[K/home/suresoft/transform/src/move_coordinate/src/move_coordinate.cpp:[m[K In lambda function:
[6.163s] [01m[K/home/suresoft/transform/src/move_coordinate/src/move_coordinate.cpp:142:39:[m[K [01;31m[Kerror: [m[Kâ€˜[01m[Kmove_group_interface[m[Kâ€™ is not captured
[6.163s]   142 |     auto const ok = static_cast<bool>([01;31m[Kmove_group_interface[m[K.plan(msg));
[6.163s]       |                                       [01;31m[K^~~~~~~~~~~~~~~~~~~~[m[K
[6.163s] [01m[K/home/suresoft/transform/src/move_coordinate/src/move_coordinate.cpp:139:54:[m[K [01;36m[Knote: [m[Kthe lambda has no capture-default
[6.163s]   139 |   auto const [success, plan] = [&move_group_interface[01;36m[K][m[K
[6.163s]       |                                                      [01;36m[K^[m[K
[6.163s] [01m[K/home/suresoft/transform/src/move_coordinate/src/move_coordinate.cpp:139:34:[m[K [01;36m[Knote: [m[Kâ€˜[01m[K<typeprefixerror>move_group_interface[m[Kâ€™ declared here
[6.164s]   139 |   auto const [success, plan] = [&[01;36m[Kmove_group_interface[m[K]
[6.164s]       |                                  [01;36m[K^~~~~~~~~~~~~~~~~~~~[m[K
[9.249s] gmake[2]: *** [CMakeFiles/move_coordinate.dir/build.make:76: CMakeFiles/move_coordinate.dir/src/move_coordinate.cpp.o] Error 1
[9.249s] gmake[1]: *** [CMakeFiles/Makefile2:137: CMakeFiles/move_coordinate.dir/all] Error 2
[9.250s] gmake: *** [Makefile:146: all] Error 2
[9.252s] Invoked command in '/home/suresoft/transform/build/move_coordinate' returned '2': CMAKE_PREFIX_PATH=${CMAKE_PREFIX_PATH}:/opt/ros/humble /usr/bin/cmake --build /home/suresoft/transform/build/move_coordinate -- -j4 -l4
