[0.019s] Invoking command in '/home/suresoft/transform/build/quick_start': /usr/bin/cmake --build /home/suresoft/transform/build/quick_start -- -j4 -l4
[0.046s] -- Found moveit_common: 2.5.3 (/opt/ros/humble/share/moveit_common/cmake)
[0.046s] -- Found ament_cmake: 1.3.2 (/opt/ros/humble/share/ament_cmake/cmake)
[0.196s] -- Override CMake install command with custom implementation using symlinks instead of copying resources
[0.259s] Error parsing '/home/suresoft/transform/src/quick_start/package.xml':
[0.321s] Traceback (most recent call last):
[0.321s]   File "/opt/ros/humble/share/ament_cmake_core/cmake/core/package_xml_2_cmake.py", line 150, in <module>
[0.321s]     main()
[0.321s]   File "/opt/ros/humble/share/ament_cmake_core/cmake/core/package_xml_2_cmake.py", line 53, in main
[0.321s]     raise e
[0.321s]   File "/opt/ros/humble/share/ament_cmake_core/cmake/core/package_xml_2_cmake.py", line 49, in main
[0.321s]     package = parse_package_string(
[0.321s]   File "/usr/lib/python3/dist-packages/catkin_pkg/package.py", line 788, in parse_package_string
[0.321s]     pkg.validate(warnings=warnings)
[0.321s]   File "/usr/lib/python3/dist-packages/catkin_pkg/package.py", line 330, in validate
[0.321s]     raise InvalidPackage('\n'.join(errors), self.filename)
[0.322s] catkin_pkg.package.InvalidPackage: Error(s) in package '/home/suresoft/transform/src/quick_start/package.xml':
[0.322s] Package 'quick_start' must declare at least one maintainer
[0.322s] The package node must contain at least one "license" tag
[0.338s] [31mCMake Error at /opt/ros/humble/share/ament_cmake_core/cmake/core/ament_package_xml.cmake:95 (message):
[0.338s]   execute_process(/usr/bin/python3.10
[0.338s]   /opt/ros/humble/share/ament_cmake_core/cmake/core/package_xml_2_cmake.py
[0.338s]   /home/suresoft/transform/src/quick_start/package.xml
[0.339s]   /home/suresoft/transform/build/quick_start/ament_cmake_core/package.cmake)
[0.339s]   returned error code 1
[0.339s] Call Stack (most recent call first):
[0.339s]   /opt/ros/humble/share/ament_cmake_core/cmake/core/ament_package_xml.cmake:49 (_ament_package_xml)
[0.339s]   /opt/ros/humble/share/moveit_common/cmake/moveit_package.cmake:33 (ament_package_xml)
[0.339s]   CMakeLists.txt:6 (moveit_package)
[0.339s] 
[0.339s] [0m
[0.339s] -- Configuring incomplete, errors occurred!
[0.339s] See also "/home/suresoft/transform/build/quick_start/CMakeFiles/CMakeOutput.log".
[0.343s] gmake: *** [Makefile:226: cmake_check_build_system] Error 1
[0.345s] Invoked command in '/home/suresoft/transform/build/quick_start' returned '2': /usr/bin/cmake --build /home/suresoft/transform/build/quick_start -- -j4 -l4
