[35m[1mConsolidate compiler generated dependencies of target move_coordinate[0m
[ 50%] [32mBuilding CXX object CMakeFiles/move_coordinate.dir/src/move_coordinate.cpp.o[0m
[01m[K/home/suresoft/transform/src/move_coordinate/src/move_coordinate.cpp:7:24:[m[K [01;31m[Kerror: [m[Kinvalid use of type â€˜[01m[Kvoid[m[Kâ€™ in parameter declaration
    7 | void tesfFunction([01;31m[Kvoid move_group_interface[m[K);
      |                   [01;31m[K~~~~~^~~~~~~~~~~~~~~~~~~~[m[K
[01m[K/home/suresoft/transform/src/move_coordinate/src/move_coordinate.cpp:[m[K In function â€˜[01m[Kint main(int, char**)[m[Kâ€™:
[01m[K/home/suresoft/transform/src/move_coordinate/src/move_coordinate.cpp:74:25:[m[K [01;35m[Kwarning: [m[Kcomparison of integer expressions of different signedness: â€˜[01m[Kint[m[Kâ€™ and â€˜[01m[Kstd::vector<double, std::allocator<double> >::size_type[m[Kâ€™ {aka â€˜[01m[Klong unsigned int[m[Kâ€™} [[01;35m[K]8;;https://gcc.gnu.org/onlinedocs/gcc/Warning-Options.html#index-Wsign-compare-Wsign-compare]8;;[m[K]
   74 |       for (int i = 0; [01;35m[Ki < joint_group_positions.size()[m[K; i++)
      |                       [01;35m[K~~^~~~~~~~~~~~~~~~~~~~~~~~~~~~~~[m[K
[01m[K/home/suresoft/transform/src/move_coordinate/src/move_coordinate.cpp:104:25:[m[K [01;35m[Kwarning: [m[Kcomparison of integer expressions of different signedness: â€˜[01m[Kint[m[Kâ€™ and â€˜[01m[Kstd::vector<double, std::allocator<double> >::size_type[m[Kâ€™ {aka â€˜[01m[Klong unsigned int[m[Kâ€™} [[01;35m[K]8;;https://gcc.gnu.org/onlinedocs/gcc/Warning-Options.html#index-Wsign-compare-Wsign-compare]8;;[m[K]
  104 |       for (int i = 0; [01;35m[Ki < joint_group_positions.size()[m[K; i++)
      |                       [01;35m[K~~^~~~~~~~~~~~~~~~~~~~~~~~~~~~~~[m[K
[01m[K/home/suresoft/transform/src/move_coordinate/src/move_coordinate.cpp:[m[K At global scope:
[01m[K/home/suresoft/transform/src/move_coordinate/src/move_coordinate.cpp:136:24:[m[K [01;31m[Kerror: [m[Kinvalid use of type â€˜[01m[Kvoid[m[Kâ€™ in parameter declaration
  136 | void tesfFunction([01;31m[Kvoid move_group_interface[m[K)
      |                   [01;31m[K~~~~~^~~~~~~~~~~~~~~~~~~~[m[K
[01m[K/home/suresoft/transform/src/move_coordinate/src/move_coordinate.cpp:[m[K In lambda function:
[01m[K/home/suresoft/transform/src/move_coordinate/src/move_coordinate.cpp:142:39:[m[K [01;31m[Kerror: [m[Kâ€˜[01m[Kmove_group_interface[m[Kâ€™ is not captured
  142 |     auto const ok = static_cast<bool>([01;31m[Kmove_group_interface[m[K.plan(msg));
      |                                       [01;31m[K^~~~~~~~~~~~~~~~~~~~[m[K
[01m[K/home/suresoft/transform/src/move_coordinate/src/move_coordinate.cpp:139:54:[m[K [01;36m[Knote: [m[Kthe lambda has no capture-default
  139 |   auto const [success, plan] = [&move_group_interface[01;36m[K][m[K
      |                                                      [01;36m[K^[m[K
[01m[K/home/suresoft/transform/src/move_coordinate/src/move_coordinate.cpp:136:24:[m[K [01;36m[Knote: [m[Kâ€˜[01m[K<typeprefixerror>move_group_interface[m[Kâ€™ declared here
  136 | void tesfFunction([01;36m[Kvoid move_group_interface[m[K)
      |                   [01;36m[K~~~~~^~~~~~~~~~~~~~~~~~~~[m[K
gmake[2]: *** [CMakeFiles/move_coordinate.dir/build.make:76: CMakeFiles/move_coordinate.dir/src/move_coordinate.cpp.o] Error 1
gmake[1]: *** [CMakeFiles/Makefile2:137: CMakeFiles/move_coordinate.dir/all] Error 2
gmake: *** [Makefile:146: all] Error 2
