[0.042s] Invoking command in '/home/suresoft/transform/build/move_coordinate': CMAKE_PREFIX_PATH=${CMAKE_PREFIX_PATH}:/opt/ros/humble /usr/bin/cmake --build /home/suresoft/transform/build/move_coordinate -- -j4 -l4
[0.105s] [35m[1mConsolidate compiler generated dependencies of target move_coordinate[0m
[0.159s] [ 50%] [32mBuilding CXX object CMakeFiles/move_coordinate.dir/src/move_coordinate.cpp.o[0m
[5.899s] [01m[K/home/suresoft/transform/src/move_coordinate/src/move_coordinate.cpp:[m[K In function â€˜[01m[Kint main(int, char**)[m[Kâ€™:
[5.899s] [01m[K/home/suresoft/transform/src/move_coordinate/src/move_coordinate.cpp:92:54:[m[K [01;35m[Kwarning: [m[Kâ€˜[01m[Kconst moveit::core::RobotState& moveit::planning_interface::MoveGroupInterface::getJointValueTarget() const[m[Kâ€™ is deprecated [[01;35m[K]8;;https://gcc.gnu.org/onlinedocs/gcc/Warning-Options.html#index-Wdeprecated-declarations-Wdeprecated-declarations]8;;[m[K]
[5.899s]    92 |       printf([01;35m[Kmove_group_interface.getJointValueTarget()[m[K);
[5.899s]       |              [01;35m[K~~~~~~~~~~~~~~~~~~~~~~~~~~~~~~~~~~~~~~~~^~[m[K
[5.899s] In file included from [01m[K/home/suresoft/transform/src/move_coordinate/src/move_coordinate.cpp:4[m[K:
[5.899s] [01m[K/opt/ros/humble/include/moveit/move_group_interface/move_group_interface.h:510:50:[m[K [01;36m[Knote: [m[Kdeclared here
[5.900s]   510 |   [[deprecated]] const moveit::core::RobotState& [01;36m[KgetJointValueTarget[m[K() const;
[5.900s]       |                                                  [01;36m[K^~~~~~~~~~~~~~~~~~~[m[K
[5.902s] [01m[K/home/suresoft/transform/src/move_coordinate/src/move_coordinate.cpp:92:54:[m[K [01;31m[Kerror: [m[Kcannot convert â€˜[01m[Kconst moveit::core::RobotState[m[Kâ€™ to â€˜[01m[Kconst char*[m[Kâ€™
[5.902s]    92 |       printf([01;31m[Kmove_group_interface.getJointValueTarget()[m[K);
[5.902s]       |              [01;31m[K~~~~~~~~~~~~~~~~~~~~~~~~~~~~~~~~~~~~~~~~^~[m[K
[5.902s]       |                                                      [01;31m[K|[m[K
[5.903s]       |                                                      [01;31m[Kconst moveit::core::RobotState[m[K
[5.903s] In file included from [01m[K/usr/include/c++/11/cstdio:42[m[K,
[5.903s]                  from [01m[K/usr/include/c++/11/ext/string_conversions.h:43[m[K,
[5.903s]                  from [01m[K/usr/include/c++/11/bits/basic_string.h:6608[m[K,
[5.903s]                  from [01m[K/usr/include/c++/11/string:55[m[K,
[5.903s]                  from [01m[K/usr/include/c++/11/bits/locale_classes.h:40[m[K,
[5.903s]                  from [01m[K/usr/include/c++/11/bits/ios_base.h:41[m[K,
[5.904s]                  from [01m[K/usr/include/c++/11/ios:42[m[K,
[5.904s]                  from [01m[K/usr/include/c++/11/ostream:38[m[K,
[5.904s]                  from [01m[K/usr/include/c++/11/iostream:39[m[K,
[5.904s]                  from [01m[K/home/suresoft/transform/src/move_coordinate/src/move_coordinate.cpp:2[m[K:
[5.904s] [01m[K/usr/include/stdio.h:356:43:[m[K [01;36m[Knote: [m[K  initializing argument 1 of â€˜[01m[Kint printf(const char*, ...)[m[Kâ€™
[5.904s]   356 | extern int printf ([01;36m[Kconst char *__restrict __format[m[K, ...);
[5.904s]       |                    [01;36m[K~~~~~~~~~~~~~~~~~~~~~~~^~~~~~~~[m[K
[9.020s] gmake[2]: *** [CMakeFiles/move_coordinate.dir/build.make:76: CMakeFiles/move_coordinate.dir/src/move_coordinate.cpp.o] Error 1
[9.021s] gmake[1]: *** [CMakeFiles/Makefile2:137: CMakeFiles/move_coordinate.dir/all] Error 2
[9.022s] gmake: *** [Makefile:146: all] Error 2
[9.025s] Invoked command in '/home/suresoft/transform/build/move_coordinate' returned '2': CMAKE_PREFIX_PATH=${CMAKE_PREFIX_PATH}:/opt/ros/humble /usr/bin/cmake --build /home/suresoft/transform/build/move_coordinate -- -j4 -l4
