[0.024s] Invoking command in '/home/suresoft/transform/build/move_coordinate': CMAKE_PREFIX_PATH=${CMAKE_PREFIX_PATH}:/opt/ros/humble /usr/bin/cmake --build /home/suresoft/transform/build/move_coordinate -- -j4 -l4
[0.075s] [35m[1mConsolidate compiler generated dependencies of target move_coordinate[0m
[0.103s] [ 50%] [32mBuilding CXX object CMakeFiles/move_coordinate.dir/src/move_coordinate.cpp.o[0m
[5.246s] [01m[K/home/suresoft/transform/src/move_coordinate/src/move_coordinate.cpp:[m[K In function â€˜[01m[Kint main(int, char**)[m[Kâ€™:
[5.247s] [01m[K/home/suresoft/transform/src/move_coordinate/src/move_coordinate.cpp:78:25:[m[K [01;35m[Kwarning: [m[Kcomparison of integer expressions of different signedness: â€˜[01m[Kint[m[Kâ€™ and â€˜[01m[Kstd::vector<double, std::allocator<double> >::size_type[m[Kâ€™ {aka â€˜[01m[Klong unsigned int[m[Kâ€™} [[01;35m[K]8;;https://gcc.gnu.org/onlinedocs/gcc/Warning-Options.html#index-Wsign-compare-Wsign-compare]8;;[m[K]
[5.247s]    78 |       for (int i = 0; [01;35m[Ki < joint_group_positions.size()[m[K; i++)
[5.247s]       |                       [01;35m[K~~^~~~~~~~~~~~~~~~~~~~~~~~~~~~~~[m[K
[5.251s] [01m[K/home/suresoft/transform/src/move_coordinate/src/move_coordinate.cpp:108:25:[m[K [01;35m[Kwarning: [m[Kcomparison of integer expressions of different signedness: â€˜[01m[Kint[m[Kâ€™ and â€˜[01m[Kstd::vector<double, std::allocator<double> >::size_type[m[Kâ€™ {aka â€˜[01m[Klong unsigned int[m[Kâ€™} [[01;35m[K]8;;https://gcc.gnu.org/onlinedocs/gcc/Warning-Options.html#index-Wsign-compare-Wsign-compare]8;;[m[K]
[5.251s]   108 |       for (int i = 0; [01;35m[Ki < joint_group_positions.size()[m[K; i++)
[5.251s]       |                       [01;35m[K~~^~~~~~~~~~~~~~~~~~~~~~~~~~~~~~[m[K
[8.856s] [100%] [32m[1mLinking CXX executable move_coordinate[0m
[9.141s] /usr/bin/ld: CMakeFiles/move_coordinate.dir/src/move_coordinate.cpp.o: in function `main':
[9.141s] move_coordinate.cpp:(.text.startup+0xc11): undefined reference to `tesfFunction()'
[9.160s] collect2: error: ld returned 1 exit status
[9.162s] gmake[2]: *** [CMakeFiles/move_coordinate.dir/build.make:342: move_coordinate] Error 1
[9.162s] gmake[1]: *** [CMakeFiles/Makefile2:137: CMakeFiles/move_coordinate.dir/all] Error 2
[9.162s] gmake: *** [Makefile:146: all] Error 2
[9.166s] Invoked command in '/home/suresoft/transform/build/move_coordinate' returned '2': CMAKE_PREFIX_PATH=${CMAKE_PREFIX_PATH}:/opt/ros/humble /usr/bin/cmake --build /home/suresoft/transform/build/move_coordinate -- -j4 -l4
