[0.030s] Invoking command in '/home/suresoft/transform/build/move_coordinate': CMAKE_PREFIX_PATH=${CMAKE_PREFIX_PATH}:/opt/ros/humble /usr/bin/cmake --build /home/suresoft/transform/build/move_coordinate -- -j4 -l4
[0.079s] [35m[1mConsolidate compiler generated dependencies of target move_coordinate[0m
[0.113s] [ 50%] [32mBuilding CXX object CMakeFiles/move_coordinate.dir/src/move_coordinate.cpp.o[0m
[5.133s] [01m[K/home/suresoft/transform/src/move_coordinate/src/move_coordinate.cpp:[m[K In function â€˜[01m[Kint main(int, char**)[m[Kâ€™:
[5.133s] [01m[K/home/suresoft/transform/src/move_coordinate/src/move_coordinate.cpp:24:42:[m[K [01;31m[Kerror: [m[Kâ€˜[01m[Kjoint_model_group[m[Kâ€™ was not declared in this scope
[5.133s]    24 |   current_state->copyJointGroupPositions([01;31m[Kjoint_model_group[m[K, joint_group_positions);
[5.133s]       |                                          [01;31m[K^~~~~~~~~~~~~~~~~[m[K
[5.138s] [01m[K/home/suresoft/transform/src/move_coordinate/src/move_coordinate.cpp:39:44:[m[K [01;35m[Kwarning: [m[Kunused variable â€˜[01m[Kjoint_model_group[m[Kâ€™ [[01;35m[K]8;;https://gcc.gnu.org/onlinedocs/gcc/Warning-Options.html#index-Wunused-variable-Wunused-variable]8;;[m[K]
[5.139s]    39 |       const moveit::core::JointModelGroup *[01;35m[Kjoint_model_group[m[K =
[5.139s]       |                                            [01;35m[K^~~~~~~~~~~~~~~~~[m[K
[7.744s] gmake[2]: *** [CMakeFiles/move_coordinate.dir/build.make:76: CMakeFiles/move_coordinate.dir/src/move_coordinate.cpp.o] Error 1
[7.744s] gmake[1]: *** [CMakeFiles/Makefile2:137: CMakeFiles/move_coordinate.dir/all] Error 2
[7.744s] gmake: *** [Makefile:146: all] Error 2
[7.746s] Invoked command in '/home/suresoft/transform/build/move_coordinate' returned '2': CMAKE_PREFIX_PATH=${CMAKE_PREFIX_PATH}:/opt/ros/humble /usr/bin/cmake --build /home/suresoft/transform/build/move_coordinate -- -j4 -l4
