[0.033s] Invoking command in '/home/suresoft/transform/build/move_coordinate': CMAKE_PREFIX_PATH=${CMAKE_PREFIX_PATH}:/opt/ros/humble /usr/bin/cmake --build /home/suresoft/transform/build/move_coordinate -- -j4 -l4
[0.098s] [35m[1mConsolidate compiler generated dependencies of target move_coordinate[0m
[0.135s] [ 50%] [32mBuilding CXX object CMakeFiles/move_coordinate.dir/src/move_coordinate.cpp.o[0m
[6.358s] [01m[K/home/suresoft/transform/src/move_coordinate/src/move_coordinate.cpp:[m[K In lambda function:
[6.359s] [01m[K/home/suresoft/transform/src/move_coordinate/src/move_coordinate.cpp:25:10:[m[K [01;31m[Kerror: [m[Kexpected unqualified-id before â€˜[01m[K([m[Kâ€™ token
[6.359s]    25 |     std::[01;31m[K([m[K"ì¢Œí‘œ ìž…ë ¥ ");
[6.360s]       |          [01;31m[K^[m[K
[6.360s] [01m[K/home/suresoft/transform/src/move_coordinate/src/move_coordinate.cpp:26:67:[m[K [01;31m[Kerror: [m[Kexpected â€˜[01m[K;[m[Kâ€™ before â€˜[01m[Kreturn[m[Kâ€™
[6.360s]    26 |     std::cin >> msg.position.x >> msg.position.y >> msg.position.z[01;31m[K [m[K[32m[Kreturn[m[K msg;
[6.360s]       |                                                                   [01;31m[K^[m[K[32m[K~~~~~~[m[K
[6.360s]       |                                                                   [32m[K;[m[K
[6.360s] [01m[K/home/suresoft/transform/src/move_coordinate/src/move_coordinate.cpp:[m[K In function â€˜[01m[Kint main(int, char**)[m[Kâ€™:
[6.360s] [01m[K/home/suresoft/transform/src/move_coordinate/src/move_coordinate.cpp:21:14:[m[K [01;31m[Kerror: [m[Kâ€˜[01m[Kconst void target_pose[m[Kâ€™ has incomplete type
[6.361s]    21 |   auto const [01;31m[Ktarget_pose[m[K = []
[6.361s]       |              [01;31m[K^~~~~~~~~~~[m[K
[8.964s] gmake[2]: *** [CMakeFiles/move_coordinate.dir/build.make:76: CMakeFiles/move_coordinate.dir/src/move_coordinate.cpp.o] Error 1
[8.965s] gmake[1]: *** [CMakeFiles/Makefile2:137: CMakeFiles/move_coordinate.dir/all] Error 2
[8.965s] gmake: *** [Makefile:146: all] Error 2
[8.967s] Invoked command in '/home/suresoft/transform/build/move_coordinate' returned '2': CMAKE_PREFIX_PATH=${CMAKE_PREFIX_PATH}:/opt/ros/humble /usr/bin/cmake --build /home/suresoft/transform/build/move_coordinate -- -j4 -l4
