[35m[1mConsolidate compiler generated dependencies of target move_coordinate[0m
[ 50%] [32mBuilding CXX object CMakeFiles/move_coordinate.dir/src/move_coordinate.cpp.o[0m
[01m[K/home/suresoft/transform/src/move_coordinate/src/move_coordinate.cpp:[m[K In function â€˜[01m[Kint main(int, char**)[m[Kâ€™:
[01m[K/home/suresoft/transform/src/move_coordinate/src/move_coordinate.cpp:59:9:[m[K [01;31m[Kerror: [m[Kâ€˜[01m[Ksuccess[m[Kâ€™ was not declared in this scope; did you mean â€˜[01m[Keaccess[m[Kâ€™?
   59 |     if ([01;31m[Ksuccess[m[K)
      |         [01;31m[K^~~~~~~[m[K
      |         [32m[Keaccess[m[K
[01m[K/home/suresoft/transform/src/move_coordinate/src/move_coordinate.cpp:61:36:[m[K [01;31m[Kerror: [m[Kâ€˜[01m[Kplan[m[Kâ€™ was not declared in this scope
   61 |       move_group_interface.execute([01;31m[Kplan[m[K);
      |                                    [01;31m[K^~~~[m[K
gmake[2]: *** [CMakeFiles/move_coordinate.dir/build.make:76: CMakeFiles/move_coordinate.dir/src/move_coordinate.cpp.o] Error 1
gmake[1]: *** [CMakeFiles/Makefile2:137: CMakeFiles/move_coordinate.dir/all] Error 2
gmake: *** [Makefile:146: all] Error 2
