[0.061s] Invoking command in '/home/suresoft/transform/build/move_coordinate': CMAKE_PREFIX_PATH=${CMAKE_PREFIX_PATH}:/opt/ros/humble /usr/bin/cmake --build /home/suresoft/transform/build/move_coordinate -- -j4 -l4
[0.162s] [35m[1mConsolidate compiler generated dependencies of target move_coordinate[0m
[0.231s] [ 50%] [32mBuilding CXX object CMakeFiles/move_coordinate.dir/src/move_coordinate.cpp.o[0m
[8.981s] [01m[K/home/suresoft/transform/src/move_coordinate/src/move_coordinate.cpp:[m[K In function â€˜[01m[Kint main(int, char**)[m[Kâ€™:
[8.981s] [01m[K/home/suresoft/transform/src/move_coordinate/src/move_coordinate.cpp:59:9:[m[K [01;31m[Kerror: [m[Kâ€˜[01m[Ksuccess[m[Kâ€™ was not declared in this scope; did you mean â€˜[01m[Keaccess[m[Kâ€™?
[8.981s]    59 |     if ([01;31m[Ksuccess[m[K)
[8.981s]       |         [01;31m[K^~~~~~~[m[K
[8.981s]       |         [32m[Keaccess[m[K
[8.988s] [01m[K/home/suresoft/transform/src/move_coordinate/src/move_coordinate.cpp:61:36:[m[K [01;31m[Kerror: [m[Kâ€˜[01m[Kplan[m[Kâ€™ was not declared in this scope
[8.988s]    61 |       move_group_interface.execute([01;31m[Kplan[m[K);
[8.988s]       |                                    [01;31m[K^~~~[m[K
[13.232s] gmake[2]: *** [CMakeFiles/move_coordinate.dir/build.make:76: CMakeFiles/move_coordinate.dir/src/move_coordinate.cpp.o] Error 1
[13.232s] gmake[1]: *** [CMakeFiles/Makefile2:137: CMakeFiles/move_coordinate.dir/all] Error 2
[13.232s] gmake: *** [Makefile:146: all] Error 2
[13.236s] Invoked command in '/home/suresoft/transform/build/move_coordinate' returned '2': CMAKE_PREFIX_PATH=${CMAKE_PREFIX_PATH}:/opt/ros/humble /usr/bin/cmake --build /home/suresoft/transform/build/move_coordinate -- -j4 -l4
