[0.033s] Invoking command in '/home/suresoft/transform/build/move_coordinate': CMAKE_PREFIX_PATH=${CMAKE_PREFIX_PATH}:/opt/ros/humble /usr/bin/cmake --build /home/suresoft/transform/build/move_coordinate -- -j4 -l4
[0.085s] [35m[1mConsolidate compiler generated dependencies of target move_coordinate[0m
[0.117s] [ 50%] [32m[1mLinking CXX executable move_coordinate[0m
[0.420s] /usr/bin/ld: CMakeFiles/move_coordinate.dir/src/move_coordinate.cpp.o: in function `main':
[0.421s] move_coordinate.cpp:(.text.startup+0xc11): undefined reference to `tesfFunction()'
[0.440s] collect2: error: ld returned 1 exit status
[0.442s] gmake[2]: *** [CMakeFiles/move_coordinate.dir/build.make:342: move_coordinate] Error 1
[0.442s] gmake[1]: *** [CMakeFiles/Makefile2:137: CMakeFiles/move_coordinate.dir/all] Error 2
[0.442s] gmake: *** [Makefile:146: all] Error 2
[0.445s] Invoked command in '/home/suresoft/transform/build/move_coordinate' returned '2': CMAKE_PREFIX_PATH=${CMAKE_PREFIX_PATH}:/opt/ros/humble /usr/bin/cmake --build /home/suresoft/transform/build/move_coordinate -- -j4 -l4
