[0.034s] Invoking command in '/home/suresoft/transform/build/move_coordinate': CMAKE_PREFIX_PATH=${CMAKE_PREFIX_PATH}:/opt/ros/humble /usr/bin/cmake --build /home/suresoft/transform/build/move_coordinate -- -j4 -l4
[0.079s] [35m[1mConsolidate compiler generated dependencies of target move_coordinate[0m
[0.110s] [ 50%] [32mBuilding CXX object CMakeFiles/move_coordinate.dir/src/move_coordinate.cpp.o[0m
[5.130s] In file included from [01m[K/opt/ros/humble/include/rclcpp/rclcpp/client.hpp:40[m[K,
[5.130s]                  from [01m[K/opt/ros/humble/include/rclcpp/rclcpp/callback_group.hpp:23[m[K,
[5.130s]                  from [01m[K/opt/ros/humble/include/rclcpp/rclcpp/any_executable.hpp:20[m[K,
[5.130s]                  from [01m[K/opt/ros/humble/include/rclcpp/rclcpp/memory_strategy.hpp:25[m[K,
[5.130s]                  from [01m[K/opt/ros/humble/include/rclcpp/rclcpp/memory_strategies.hpp:18[m[K,
[5.130s]                  from [01m[K/opt/ros/humble/include/rclcpp/rclcpp/executor_options.hpp:20[m[K,
[5.130s]                  from [01m[K/opt/ros/humble/include/rclcpp/rclcpp/executor.hpp:37[m[K,
[5.130s]                  from [01m[K/opt/ros/humble/include/rclcpp/rclcpp/executors/multi_threaded_executor.hpp:25[m[K,
[5.131s]                  from [01m[K/opt/ros/humble/include/rclcpp/rclcpp/executors.hpp:21[m[K,
[5.131s]                  from [01m[K/opt/ros/humble/include/rclcpp/rclcpp/rclcpp.hpp:155[m[K,
[5.131s]                  from [01m[K/home/suresoft/transform/src/move_coordinate/src/move_coordinate.cpp:3[m[K:
[5.131s] [01m[K/home/suresoft/transform/src/move_coordinate/src/move_coordinate.cpp:[m[K In function â€˜[01m[Kint main(int, char**)[m[Kâ€™:
[5.131s] [01m[K/home/suresoft/transform/src/move_coordinate/src/move_coordinate.cpp:66:22:[m[K [01;31m[Kerror: [m[Kâ€˜[01m[Klogger[m[Kâ€™ was not declared in this scope
[5.131s]    66 |         RCLCPP_ERROR([01;31m[Klogger[m[K, "Planning failed!");
[5.131s]       |                      [01;31m[K^~~~~~[m[K
[5.131s] [01m[K/home/suresoft/transform/src/move_coordinate/src/move_coordinate.cpp:66:9:[m[K [01;31m[Kerror: [m[Ktemplate argument 1 is invalid
[5.132s]    66 |         [01;31m[KRCLCPP_ERROR[m[K(logger, "Planning failed!");
[5.132s]       |         [01;31m[K^~~~~~~~~~~~[m[K
[5.132s] [01m[K/home/suresoft/transform/src/move_coordinate/src/move_coordinate.cpp:66:9:[m[K [01;31m[Kerror: [m[Kâ€˜[01m[K<declaration error>[m[Kâ€™ is not a template [[01;31m[K]8;;https://gcc.gnu.org/onlinedocs/gcc/Warning-Options.html#index-fpermissive-fpermissive]8;;[m[K]
[5.132s]    66 |         [01;31m[KRCLCPP_ERROR[m[K(logger, "Planning failed!");
[5.132s]       |         [01;31m[K^~~~~~~~~~~~[m[K
[5.132s] [01m[K/home/suresoft/transform/src/move_coordinate/src/move_coordinate.cpp:66:9:[m[K [01;31m[Kerror: [m[Ktemplate argument 1 is invalid
[5.132s]    66 |         [01;31m[KRCLCPP_ERROR[m[K(logger, "Planning failed!");
[5.132s]       |         [01;31m[K^~~~~~~~~~~~[m[K
[5.132s] [01m[K/home/suresoft/transform/src/move_coordinate/src/move_coordinate.cpp:66:9:[m[K [01;31m[Kerror: [m[Kâ€˜[01m[K<declaration error>[m[Kâ€™ is not a template [[01;31m[K]8;;https://gcc.gnu.org/onlinedocs/gcc/Warning-Options.html#index-fpermissive-fpermissive]8;;[m[K]
[5.133s]    66 |         [01;31m[KRCLCPP_ERROR[m[K(logger, "Planning failed!");
[5.133s]       |         [01;31m[K^~~~~~~~~~~~[m[K
[5.133s] [01m[K/home/suresoft/transform/src/move_coordinate/src/move_coordinate.cpp:66:9:[m[K [01;31m[Kerror: [m[Ktemplate argument 1 is invalid
[5.133s]    66 |         [01;31m[KRCLCPP_ERROR[m[K(logger, "Planning failed!");
[5.133s]       |         [01;31m[K^~~~~~~~~~~~[m[K
[5.138s] [01m[K/home/suresoft/transform/src/move_coordinate/src/move_coordinate.cpp:98:22:[m[K [01;31m[Kerror: [m[Kâ€˜[01m[Klogger[m[Kâ€™ was not declared in this scope
[5.139s]    98 |         RCLCPP_ERROR([01;31m[Klogger[m[K, "Planning failed!");
[5.139s]       |                      [01;31m[K^~~~~~[m[K
[5.139s] [01m[K/home/suresoft/transform/src/move_coordinate/src/move_coordinate.cpp:98:9:[m[K [01;31m[Kerror: [m[Ktemplate argument 1 is invalid
[5.139s]    98 |         [01;31m[KRCLCPP_ERROR[m[K(logger, "Planning failed!");
[5.139s]       |         [01;31m[K^~~~~~~~~~~~[m[K
[5.139s] [01m[K/home/suresoft/transform/src/move_coordinate/src/move_coordinate.cpp:98:9:[m[K [01;31m[Kerror: [m[Kâ€˜[01m[K<declaration error>[m[Kâ€™ is not a template [[01;31m[K]8;;https://gcc.gnu.org/onlinedocs/gcc/Warning-Options.html#index-fpermissive-fpermissive]8;;[m[K]
[5.139s]    98 |         [01;31m[KRCLCPP_ERROR[m[K(logger, "Planning failed!");
[5.139s]       |         [01;31m[K^~~~~~~~~~~~[m[K
[5.139s] [01m[K/home/suresoft/transform/src/move_coordinate/src/move_coordinate.cpp:98:9:[m[K [01;31m[Kerror: [m[Ktemplate argument 1 is invalid
[5.140s]    98 |         [01;31m[KRCLCPP_ERROR[m[K(logger, "Planning failed!");
[5.140s]       |         [01;31m[K^~~~~~~~~~~~[m[K
[5.140s] [01m[K/home/suresoft/transform/src/move_coordinate/src/move_coordinate.cpp:98:9:[m[K [01;31m[Kerror: [m[Kâ€˜[01m[K<declaration error>[m[Kâ€™ is not a template [[01;31m[K]8;;https://gcc.gnu.org/onlinedocs/gcc/Warning-Options.html#index-fpermissive-fpermissive]8;;[m[K]
[5.140s]    98 |         [01;31m[KRCLCPP_ERROR[m[K(logger, "Planning failed!");
[5.140s]       |         [01;31m[K^~~~~~~~~~~~[m[K
[5.140s] [01m[K/home/suresoft/transform/src/move_coordinate/src/move_coordinate.cpp:98:9:[m[K [01;31m[Kerror: [m[Ktemplate argument 1 is invalid
[5.140s]    98 |         [01;31m[KRCLCPP_ERROR[m[K(logger, "Planning failed!");
[5.140s]       |         [01;31m[K^~~~~~~~~~~~[m[K
[7.667s] gmake[2]: *** [CMakeFiles/move_coordinate.dir/build.make:76: CMakeFiles/move_coordinate.dir/src/move_coordinate.cpp.o] Error 1
[7.667s] gmake[1]: *** [CMakeFiles/Makefile2:137: CMakeFiles/move_coordinate.dir/all] Error 2
[7.667s] gmake: *** [Makefile:146: all] Error 2
[7.669s] Invoked command in '/home/suresoft/transform/build/move_coordinate' returned '2': CMAKE_PREFIX_PATH=${CMAKE_PREFIX_PATH}:/opt/ros/humble /usr/bin/cmake --build /home/suresoft/transform/build/move_coordinate -- -j4 -l4
