[0.030s] Invoking command in '/home/suresoft/transform/build/move_coordinate': CMAKE_PREFIX_PATH=${CMAKE_PREFIX_PATH}:/opt/ros/humble /usr/bin/cmake --build /home/suresoft/transform/build/move_coordinate -- -j4 -l4
[0.076s] [35m[1mConsolidate compiler generated dependencies of target move_coordinate[0m
[0.116s] [ 50%] [32mBuilding CXX object CMakeFiles/move_coordinate.dir/src/move_coordinate.cpp.o[0m
[5.039s] [01m[K/home/suresoft/transform/src/move_coordinate/src/move_coordinate.cpp:[m[K In function â€˜[01m[Kint main(int, char**)[m[Kâ€™:
[5.039s] [01m[K/home/suresoft/transform/src/move_coordinate/src/move_coordinate.cpp:86:12:[m[K [01;31m[Kerror: [m[Kâ€˜[01m[Ki[m[Kâ€™ was not declared in this scope
[5.040s]    86 |       for ([01;31m[Ki[m[K = 0; i < joint_group_positions.size())
[5.040s]       |            [01;31m[K^[m[K
[5.040s] [01m[K/home/suresoft/transform/src/move_coordinate/src/move_coordinate.cpp:86:51:[m[K [01;31m[Kerror: [m[Kexpected â€˜[01m[K;[m[Kâ€™ before â€˜[01m[K)[m[Kâ€™ token
[5.040s]    86 |       for (i = 0; i < joint_group_positions.size()[01;31m[K)[m[K
[5.040s]       |                                                   [01;31m[K^[m[K
[5.040s]       |                                                   [32m[K;[m[K
[7.566s] gmake[2]: *** [CMakeFiles/move_coordinate.dir/build.make:76: CMakeFiles/move_coordinate.dir/src/move_coordinate.cpp.o] Error 1
[7.566s] gmake[1]: *** [CMakeFiles/Makefile2:137: CMakeFiles/move_coordinate.dir/all] Error 2
[7.566s] gmake: *** [Makefile:146: all] Error 2
[7.568s] Invoked command in '/home/suresoft/transform/build/move_coordinate' returned '2': CMAKE_PREFIX_PATH=${CMAKE_PREFIX_PATH}:/opt/ros/humble /usr/bin/cmake --build /home/suresoft/transform/build/move_coordinate -- -j4 -l4
